010 15,2014 11:10:04 下午 : INFO [Thread-0] number:568, 
010 15,2014 11:10:04 下午 : INFO [Thread-0] number:569, 
010 15,2014 11:10:04 下午 : INFO [Thread-0] number:570, 
010 15,2014 11:10:04 下午 : INFO [Thread-0] number:571, 
010 15,2014 11:10:04 下午 : INFO [Thread-0] number:572, 
010 15,2014 11:10:04 下午 : INFO [Thread-0] number:573, 
010 15,2014 11:10:04 下午 : INFO [Thread-0] number:574, 
010 15,2014 11:10:04 下午 : INFO [Thread-0] number:575, 
010 15,2014 11:10:04 下午 : INFO [Thread-0] number:576, 
010 15,2014 11:10:32 下午 : INFO [Thread-1] total Number576, 
010 15,2014 11:10:32 下午 : INFO [Thread-1] number:1, 
010 15,2014 11:10:32 下午 : INFO [Thread-1] number:2, 
010 15,2014 11:10:32 下午 : INFO [Thread-1] number:3, 
010 15,2014 11:10:32 下午 : INFO [Thread-1] number:4, 
010 15,2014 11:10:32 下午 : INFO [Thread-1] number:5, 
010 15,2014 11:10:32 下午 : INFO [Thread-1] number:6, 
010 15,2014 11:10:32 下午 : INFO [Thread-1] number:7, 
010 15,2014 11:10:32 下午 : INFO [Thread-1] number:8, 
010 15,2014 11:10:32 下午 : INFO [Thread-1] number:9, 
010 15,2014 11:10:32 下午 : INFO [Thread-1] number:10, 
010 15,2014 11:10:32 下午 : INFO [Thread-1] number:11, 
010 15,2014 11:10:32 下午 : INFO [Thread-1] number:12, 
010 15,2014 11:10:32 下午 : INFO [Thread-1] number:13, 
010 15,2014 11:10:32 下午 : INFO [Thread-1] number:14, 
010 15,2014 11:10:32 下午 : INFO [Thread-1] number:15, 
010 15,2014 11:10:32 下午 : INFO [Thread-1] number:16, 
010 15,2014 11:10:32 下午 : INFO [Thread-1] number:17, 
010 15,2014 11:10:32 下午 : INFO [Thread-1] number:18, 
010 15,2014 11:10:32 下午 : INFO [Thread-1] number:19, 
010 15,2014 11:10:32 下午 : INFO [Thread-1] number:20, 
010 15,2014 11:10:32 下午 : INFO [Thread-1] number:21, 
010 15,2014 11:10:32 下午 : INFO [Thread-1] number:22, 
010 15,2014 11:10:32 下午 : INFO [Thread-1] number:23, 
010 15,2014 11:10:32 下午 : INFO [Thread-1] number:24, 
010 15,2014 11:10:32 下午 : INFO [Thread-1] number:25, 
010 15,2014 11:10:32 下午 : INFO [Thread-1] number:26, 
010 15,2014 11:10:32 下午 : INFO [Thread-1] number:27, 
010 15,2014 11:10:32 下午 : INFO [Thread-1] number:28, 
010 15,2014 11:10:32 下午 : INFO [Thread-1] number:29, 
010 15,2014 11:10:32 下午 : INFO [Thread-1] number:30, 
010 15,2014 11:10:32 下午 : INFO [Thread-1] number:31, 
010 15,2014 11:10:32 下午 : INFO [Thread-1] number:32, 
010 15,2014 11:10:32 下午 : INFO [Thread-1] number:33, 
010 15,2014 11:10:32 下午 : INFO [Thread-1] number:34, 
010 15,2014 11:10:32 下午 : INFO [Thread-1] number:35, 
010 15,2014 11:10:32 下午 : INFO [Thread-1] number:36, 
010 15,2014 11:10:32 下午 : INFO [Thread-1] number:37, 
010 15,2014 11:10:32 下午 : INFO [Thread-1] number:38, 
010 15,2014 11:10:32 下午 : INFO [Thread-1] number:39, 
010 15,2014 11:10:32 下午 : INFO [Thread-1] number:40, 
010 15,2014 11:10:32 下午 : INFO [Thread-1] number:41, 
010 15,2014 11:10:32 下午 : INFO [Thread-1] number:42, 
010 15,2014 11:10:32 下午 : INFO [Thread-1] number:43, 
010 15,2014 11:10:32 下午 : INFO [Thread-1] number:44, 
010 15,2014 11:10:32 下午 : INFO [Thread-1] number:45, 
010 15,2014 11:10:32 下午 : INFO [Thread-1] number:46, 
010 15,2014 11:10:32 下午 : INFO [Thread-1] number:47, 
010 15,2014 11:10:32 下午 : INFO [Thread-1] number:48, 
010 15,2014 11:10:32 下午 : INFO [Thread-1] number:49, 
010 15,2014 11:10:32 下午 : INFO [Thread-1] number:50, 
010 15,2014 11:10:32 下午 : INFO [Thread-1] number:51, 
010 15,2014 11:10:32 下午 : INFO [Thread-1] number:52, 
010 15,2014 11:10:32 下午 : INFO [Thread-1] number:53, 
010 15,2014 11:10:32 下午 : INFO [Thread-1] number:54, 
010 15,2014 11:10:32 下午 : INFO [Thread-1] number:55, 
010 15,2014 11:10:32 下午 : INFO [Thread-1] number:56, 
010 15,2014 11:10:32 下午 : INFO [Thread-1] number:57, 
010 15,2014 11:10:32 下午 : INFO [Thread-1] number:58, 
010 15,2014 11:10:32 下午 : INFO [Thread-1] number:59, 
010 15,2014 11:10:32 下午 : INFO [Thread-1] number:60, 
010 15,2014 11:10:32 下午 : INFO [Thread-1] number:61, 
010 15,2014 11:10:32 下午 : INFO [Thread-1] number:62, 
010 15,2014 11:10:32 下午 : INFO [Thread-1] number:63, 
010 15,2014 11:10:32 下午 : INFO [Thread-1] number:64, 
010 15,2014 11:10:32 下午 : INFO [Thread-1] number:65, 
010 15,2014 11:10:33 下午 : INFO [Thread-1] number:66, 
010 15,2014 11:10:33 下午 : INFO [Thread-1] number:67, 
010 15,2014 11:10:33 下午 : INFO [Thread-1] number:68, 
010 15,2014 11:10:33 下午 : INFO [Thread-1] number:69, 
010 15,2014 11:10:33 下午 : INFO [Thread-1] number:70, 
010 15,2014 11:10:33 下午 : INFO [Thread-1] number:71, 
010 15,2014 11:10:33 下午 : INFO [Thread-1] number:72, 
010 15,2014 11:10:33 下午 : INFO [Thread-1] number:73, 
010 15,2014 11:10:33 下午 : INFO [Thread-1] number:74, 
010 15,2014 11:10:33 下午 : INFO [Thread-1] number:75, 
010 15,2014 11:10:33 下午 : INFO [Thread-1] number:76, 
010 15,2014 11:10:33 下午 : INFO [Thread-1] number:77, 
010 15,2014 11:10:33 下午 : INFO [Thread-1] number:78, 
010 15,2014 11:10:33 下午 : INFO [Thread-1] number:79, 
010 15,2014 11:10:33 下午 : INFO [Thread-1] number:80, 
010 15,2014 11:10:33 下午 : INFO [Thread-1] number:81, 
010 15,2014 11:10:33 下午 : INFO [Thread-1] number:82, 
010 15,2014 11:10:33 下午 : INFO [Thread-1] number:83, 
010 15,2014 11:10:33 下午 : INFO [Thread-1] number:84, 
010 15,2014 11:10:33 下午 : INFO [Thread-1] number:85, 
010 15,2014 11:10:33 下午 : INFO [Thread-1] number:86, 
010 15,2014 11:10:33 下午 : INFO [Thread-1] number:87, 
010 15,2014 11:10:33 下午 : INFO [Thread-1] number:88, 
010 15,2014 11:10:33 下午 : INFO [Thread-1] number:89, 
010 15,2014 11:10:34 下午 : INFO [Thread-1] number:90, 
010 15,2014 11:10:34 下午 : INFO [Thread-1] number:91, 
010 15,2014 11:10:34 下午 : INFO [Thread-1] number:92, 
010 15,2014 11:10:34 下午 : INFO [Thread-1] number:93, 
010 15,2014 11:10:34 下午 : INFO [Thread-1] number:94, 
010 15,2014 11:10:34 下午 : INFO [Thread-1] number:95, 
010 15,2014 11:10:34 下午 : INFO [Thread-1] number:96, 
010 15,2014 11:10:34 下午 : INFO [Thread-1] number:97, 
010 15,2014 11:10:34 下午 : INFO [Thread-1] number:98, 
010 15,2014 11:10:34 下午 : INFO [Thread-1] number:99, 
010 15,2014 11:10:34 下午 : INFO [Thread-1] number:100, 
010 15,2014 11:10:34 下午 : INFO [Thread-1] number:101, 
010 15,2014 11:10:34 下午 : INFO [Thread-1] number:102, 
010 15,2014 11:10:34 下午 : INFO [Thread-1] number:103, 
010 15,2014 11:10:34 下午 : INFO [Thread-1] number:104, 
010 15,2014 11:10:34 下午 : INFO [Thread-1] number:105, 
010 15,2014 11:10:34 下午 : INFO [Thread-1] number:106, 
010 15,2014 11:10:34 下午 : INFO [Thread-1] number:107, 
010 15,2014 11:10:34 下午 : INFO [Thread-1] number:108, 
010 15,2014 11:10:34 下午 : INFO [Thread-1] number:109, 
010 15,2014 11:10:34 下午 : INFO [Thread-1] number:110, 
010 15,2014 11:10:34 下午 : INFO [Thread-1] number:111, 
010 15,2014 11:10:34 下午 : INFO [Thread-1] number:112, 
010 15,2014 11:10:34 下午 : INFO [Thread-1] number:113, 
010 15,2014 11:10:34 下午 : INFO [Thread-1] number:114, 
010 15,2014 11:10:34 下午 : INFO [Thread-1] number:115, 
010 15,2014 11:10:34 下午 : INFO [Thread-1] number:116, 
010 15,2014 11:10:34 下午 : INFO [Thread-1] number:117, 
010 15,2014 11:10:34 下午 : INFO [Thread-1] number:118, 
010 15,2014 11:10:34 下午 : INFO [Thread-1] number:119, 
010 15,2014 11:10:34 下午 : INFO [Thread-1] number:120, 
010 15,2014 11:10:34 下午 : INFO [Thread-1] number:121, 
010 15,2014 11:10:34 下午 : INFO [Thread-1] number:122, 
010 15,2014 11:10:34 下午 : INFO [Thread-1] number:123, 
010 15,2014 11:10:34 下午 : INFO [Thread-1] number:124, 
010 15,2014 11:10:34 下午 : INFO [Thread-1] number:125, 
010 15,2014 11:10:34 下午 : INFO [Thread-1] number:126, 
010 15,2014 11:10:34 下午 : INFO [Thread-1] number:127, 
010 15,2014 11:10:34 下午 : INFO [Thread-1] number:128, 
010 15,2014 11:10:34 下午 : INFO [Thread-1] number:129, 
010 15,2014 11:10:34 下午 : INFO [Thread-1] number:130, 
010 15,2014 11:10:34 下午 : INFO [Thread-1] number:131, 
010 15,2014 11:10:34 下午 : INFO [Thread-1] number:132, 
010 15,2014 11:10:34 下午 : INFO [Thread-1] number:133, 
010 15,2014 11:10:34 下午 : INFO [Thread-1] number:134, 
010 15,2014 11:10:34 下午 : INFO [Thread-1] number:135, 
010 15,2014 11:10:34 下午 : INFO [Thread-1] number:136, 
010 15,2014 11:10:34 下午 : INFO [Thread-1] number:137, 
010 15,2014 11:10:34 下午 : INFO [Thread-1] number:138, 
010 15,2014 11:10:34 下午 : INFO [Thread-1] number:139, 
010 15,2014 11:10:34 下午 : INFO [Thread-1] number:140, 
010 15,2014 11:10:34 下午 : INFO [Thread-1] number:141, 
010 15,2014 11:10:34 下午 : INFO [Thread-1] number:142, 
010 15,2014 11:10:34 下午 : INFO [Thread-1] number:143, 
010 15,2014 11:10:34 下午 : INFO [Thread-1] number:144, 
010 15,2014 11:10:34 下午 : INFO [Thread-1] number:145, 
010 15,2014 11:10:34 下午 : INFO [Thread-1] number:146, 
010 15,2014 11:10:34 下午 : INFO [Thread-1] number:147, 
010 15,2014 11:10:34 下午 : INFO [Thread-1] number:148, 
010 15,2014 11:10:34 下午 : INFO [Thread-1] number:149, 
010 15,2014 11:10:34 下午 : INFO [Thread-1] number:150, 
010 15,2014 11:10:34 下午 : INFO [Thread-1] number:151, 
010 15,2014 11:10:34 下午 : INFO [Thread-1] number:152, 
010 15,2014 11:10:34 下午 : INFO [Thread-1] number:153, 
010 15,2014 11:10:34 下午 : INFO [Thread-1] number:154, 
010 15,2014 11:10:34 下午 : INFO [Thread-1] number:155, 
010 15,2014 11:10:34 下午 : INFO [Thread-1] number:156, 
010 15,2014 11:10:34 下午 : INFO [Thread-1] number:157, 
010 15,2014 11:10:34 下午 : INFO [Thread-1] number:158, 
010 15,2014 11:10:34 下午 : INFO [Thread-1] number:159, 
010 15,2014 11:10:34 下午 : INFO [Thread-1] number:160, 
010 15,2014 11:10:34 下午 : INFO [Thread-1] number:161, 
010 15,2014 11:10:34 下午 : INFO [Thread-1] number:162, 
010 15,2014 11:10:34 下午 : INFO [Thread-1] number:163, 
010 15,2014 11:10:34 下午 : INFO [Thread-1] number:164, 
010 15,2014 11:10:34 下午 : INFO [Thread-1] number:165, 
010 15,2014 11:10:34 下午 : INFO [Thread-1] number:166, 
010 15,2014 11:10:34 下午 : INFO [Thread-1] number:167, 
010 15,2014 11:10:34 下午 : INFO [Thread-1] number:168, 
010 15,2014 11:10:34 下午 : INFO [Thread-1] number:169, 
010 15,2014 11:10:34 下午 : INFO [Thread-1] number:170, 
010 15,2014 11:10:34 下午 : INFO [Thread-1] number:171, 
010 15,2014 11:10:34 下午 : INFO [Thread-1] number:172, 
010 15,2014 11:10:34 下午 : INFO [Thread-1] number:173, 
010 15,2014 11:10:34 下午 : INFO [Thread-1] number:174, 
010 15,2014 11:10:34 下午 : INFO [Thread-1] number:175, 
010 15,2014 11:10:34 下午 : INFO [Thread-1] number:176, 
010 15,2014 11:10:34 下午 : INFO [Thread-1] number:177, 
010 15,2014 11:10:34 下午 : INFO [Thread-1] number:178, 
010 15,2014 11:10:34 下午 : INFO [Thread-1] number:179, 
010 15,2014 11:10:34 下午 : INFO [Thread-1] number:180, 
010 15,2014 11:10:34 下午 : INFO [Thread-1] number:181, 
010 15,2014 11:10:34 下午 : INFO [Thread-1] number:182, 
010 15,2014 11:10:34 下午 : INFO [Thread-1] number:183, 
010 15,2014 11:10:34 下午 : INFO [Thread-1] number:184, 
010 15,2014 11:10:34 下午 : INFO [Thread-1] number:185, 
010 15,2014 11:10:34 下午 : INFO [Thread-1] number:186, 
010 15,2014 11:10:34 下午 : INFO [Thread-1] number:187, 
010 15,2014 11:10:34 下午 : INFO [Thread-1] number:188, 
010 15,2014 11:10:34 下午 : INFO [Thread-1] number:189, 
010 15,2014 11:10:34 下午 : INFO [Thread-1] number:190, 
010 15,2014 11:10:34 下午 : INFO [Thread-1] number:191, 
010 15,2014 11:10:34 下午 : INFO [Thread-1] number:192, 
010 15,2014 11:10:34 下午 : INFO [Thread-1] number:193, 
010 15,2014 11:10:34 下午 : INFO [Thread-1] number:194, 
010 15,2014 11:10:34 下午 : INFO [Thread-1] number:195, 
010 15,2014 11:10:34 下午 : INFO [Thread-1] number:196, 
010 15,2014 11:10:34 下午 : INFO [Thread-1] number:197, 
010 15,2014 11:10:34 下午 : INFO [Thread-1] number:198, 
010 15,2014 11:10:34 下午 : INFO [Thread-1] number:199, 
010 15,2014 11:10:34 下午 : INFO [Thread-1] number:200, 
010 15,2014 11:10:34 下午 : INFO [Thread-1] number:201, 
010 15,2014 11:10:34 下午 : INFO [Thread-1] number:202, 
010 15,2014 11:10:34 下午 : INFO [Thread-1] number:203, 
010 15,2014 11:10:34 下午 : INFO [Thread-1] number:204, 
010 15,2014 11:10:34 下午 : INFO [Thread-1] number:205, 
010 15,2014 11:10:34 下午 : INFO [Thread-1] number:206, 
010 15,2014 11:10:34 下午 : INFO [Thread-1] number:207, 
010 15,2014 11:10:34 下午 : INFO [Thread-1] number:208, 
010 15,2014 11:10:34 下午 : INFO [Thread-1] number:209, 
010 15,2014 11:10:34 下午 : INFO [Thread-1] number:210, 
010 15,2014 11:10:34 下午 : INFO [Thread-1] number:211, 
010 15,2014 11:10:34 下午 : INFO [Thread-1] number:212, 
010 15,2014 11:10:34 下午 : INFO [Thread-1] number:213, 
010 15,2014 11:10:34 下午 : INFO [Thread-1] number:214, 
010 15,2014 11:10:34 下午 : INFO [Thread-1] number:215, 
010 15,2014 11:10:34 下午 : INFO [Thread-1] number:216, 
010 15,2014 11:10:34 下午 : INFO [Thread-1] number:217, 
010 15,2014 11:10:34 下午 : INFO [Thread-1] number:218, 
010 15,2014 11:10:34 下午 : INFO [Thread-1] number:219, 
010 15,2014 11:10:34 下午 : INFO [Thread-1] number:220, 
010 15,2014 11:10:34 下午 : INFO [Thread-1] number:221, 
010 15,2014 11:10:34 下午 : INFO [Thread-1] number:222, 
010 15,2014 11:10:34 下午 : INFO [Thread-1] number:223, 
010 15,2014 11:10:34 下午 : INFO [Thread-1] number:224, 
010 15,2014 11:10:34 下午 : INFO [Thread-1] number:225, 
010 15,2014 11:10:34 下午 : INFO [Thread-1] number:226, 
010 15,2014 11:10:34 下午 : INFO [Thread-1] number:227, 
010 15,2014 11:10:34 下午 : INFO [Thread-1] number:228, 
010 15,2014 11:10:34 下午 : INFO [Thread-1] number:229, 
010 15,2014 11:10:34 下午 : INFO [Thread-1] number:230, 
010 15,2014 11:10:34 下午 : INFO [Thread-1] number:231, 
010 15,2014 11:10:34 下午 : INFO [Thread-1] number:232, 
010 15,2014 11:10:34 下午 : INFO [Thread-1] number:233, 
010 15,2014 11:10:34 下午 : INFO [Thread-1] number:234, 
010 15,2014 11:10:34 下午 : INFO [Thread-1] number:235, 
010 15,2014 11:10:34 下午 : INFO [Thread-1] number:236, 
010 15,2014 11:10:34 下午 : INFO [Thread-1] number:237, 
010 15,2014 11:10:34 下午 : INFO [Thread-1] number:238, 
010 15,2014 11:10:34 下午 : INFO [Thread-1] number:239, 
010 15,2014 11:10:34 下午 : INFO [Thread-1] number:240, 
010 15,2014 11:10:34 下午 : INFO [Thread-1] number:241, 
010 15,2014 11:10:34 下午 : INFO [Thread-1] number:242, 
010 15,2014 11:10:34 下午 : INFO [Thread-1] number:243, 
010 15,2014 11:10:34 下午 : INFO [Thread-1] number:244, 
010 15,2014 11:10:34 下午 : INFO [Thread-1] number:245, 
010 15,2014 11:10:34 下午 : INFO [Thread-1] number:246, 
010 15,2014 11:10:34 下午 : INFO [Thread-1] number:247, 
010 15,2014 11:10:34 下午 : INFO [Thread-1] number:248, 
010 15,2014 11:10:34 下午 : INFO [Thread-1] number:249, 
010 15,2014 11:10:34 下午 : INFO [Thread-1] number:250, 
010 15,2014 11:10:34 下午 : INFO [Thread-1] number:251, 
010 15,2014 11:10:34 下午 : INFO [Thread-1] number:252, 
010 15,2014 11:10:34 下午 : INFO [Thread-1] number:253, 
010 15,2014 11:10:34 下午 : INFO [Thread-1] number:254, 
010 15,2014 11:10:34 下午 : INFO [Thread-1] number:255, 
010 15,2014 11:10:34 下午 : INFO [Thread-1] number:256, 
010 15,2014 11:10:34 下午 : INFO [Thread-1] number:257, 
010 15,2014 11:10:34 下午 : INFO [Thread-1] number:258, 
010 15,2014 11:10:34 下午 : INFO [Thread-1] number:259, 
010 15,2014 11:10:34 下午 : INFO [Thread-1] number:260, 
010 15,2014 11:10:34 下午 : INFO [Thread-1] number:261, 
010 15,2014 11:10:34 下午 : INFO [Thread-1] number:262, 
010 15,2014 11:10:34 下午 : INFO [Thread-1] number:263, 
010 15,2014 11:10:34 下午 : INFO [Thread-1] number:264, 
010 15,2014 11:10:34 下午 : INFO [Thread-1] number:265, 
010 15,2014 11:10:34 下午 : INFO [Thread-1] number:266, 
010 15,2014 11:10:34 下午 : INFO [Thread-1] number:267, 
010 15,2014 11:10:34 下午 : INFO [Thread-1] number:268, 
010 15,2014 11:10:34 下午 : INFO [Thread-1] number:269, 
010 15,2014 11:10:34 下午 : INFO [Thread-1] number:270, 
010 15,2014 11:10:34 下午 : INFO [Thread-1] number:271, 
010 15,2014 11:10:34 下午 : INFO [Thread-1] number:272, 
010 15,2014 11:10:34 下午 : INFO [Thread-1] number:273, 
010 15,2014 11:10:34 下午 : INFO [Thread-1] number:274, 
010 15,2014 11:10:34 下午 : INFO [Thread-1] number:275, 
010 15,2014 11:10:34 下午 : INFO [Thread-1] number:276, 
010 15,2014 11:10:34 下午 : INFO [Thread-1] number:277, 
010 15,2014 11:10:34 下午 : INFO [Thread-1] number:278, 
010 15,2014 11:10:34 下午 : INFO [Thread-1] number:279, 
010 15,2014 11:10:34 下午 : INFO [Thread-1] number:280, 
010 15,2014 11:10:34 下午 : INFO [Thread-1] number:281, 
010 15,2014 11:10:34 下午 : INFO [Thread-1] number:282, 
010 15,2014 11:10:34 下午 : INFO [Thread-1] number:283, 
010 15,2014 11:10:34 下午 : INFO [Thread-1] number:284, 
010 15,2014 11:10:34 下午 : INFO [Thread-1] number:285, 
010 15,2014 11:10:34 下午 : INFO [Thread-1] number:286, 
010 15,2014 11:10:34 下午 : INFO [Thread-1] number:287, 
010 15,2014 11:10:34 下午 : INFO [Thread-1] number:288, 
010 15,2014 11:10:34 下午 : INFO [Thread-1] number:289, 
010 15,2014 11:10:34 下午 : INFO [Thread-1] number:290, 
010 15,2014 11:10:34 下午 : INFO [Thread-1] number:291, 
010 15,2014 11:10:34 下午 : INFO [Thread-1] number:292, 
010 15,2014 11:10:34 下午 : INFO [Thread-1] number:293, 
010 15,2014 11:10:34 下午 : INFO [Thread-1] number:294, 
010 15,2014 11:10:34 下午 : INFO [Thread-1] number:295, 
010 15,2014 11:10:34 下午 : INFO [Thread-1] number:296, 
010 15,2014 11:10:34 下午 : INFO [Thread-1] number:297, 
010 15,2014 11:10:34 下午 : INFO [Thread-1] number:298, 
010 15,2014 11:10:34 下午 : INFO [Thread-1] number:299, 
010 15,2014 11:10:34 下午 : INFO [Thread-1] number:300, 
010 15,2014 11:10:34 下午 : INFO [Thread-1] number:301, 
010 15,2014 11:10:34 下午 : INFO [Thread-1] number:302, 
010 15,2014 11:10:34 下午 : INFO [Thread-1] number:303, 
010 15,2014 11:10:34 下午 : INFO [Thread-1] number:304, 
010 15,2014 11:10:34 下午 : INFO [Thread-1] number:305, 
010 15,2014 11:10:34 下午 : INFO [Thread-1] number:306, 
010 15,2014 11:10:34 下午 : INFO [Thread-1] number:307, 
010 15,2014 11:10:34 下午 : INFO [Thread-1] number:308, 
010 15,2014 11:10:34 下午 : INFO [Thread-1] number:309, 
010 15,2014 11:10:34 下午 : INFO [Thread-1] number:310, 
010 15,2014 11:10:34 下午 : INFO [Thread-1] number:311, 
010 15,2014 11:10:34 下午 : INFO [Thread-1] number:312, 
010 15,2014 11:10:34 下午 : INFO [Thread-1] number:313, 
010 15,2014 11:10:34 下午 : INFO [Thread-1] number:314, 
010 15,2014 11:10:34 下午 : INFO [Thread-1] number:315, 
010 15,2014 11:10:34 下午 : INFO [Thread-1] number:316, 
010 15,2014 11:10:34 下午 : INFO [Thread-1] number:317, 
010 15,2014 11:10:34 下午 : INFO [Thread-1] number:318, 
010 15,2014 11:10:34 下午 : INFO [Thread-1] number:319, 
010 15,2014 11:10:34 下午 : INFO [Thread-1] number:320, 
010 15,2014 11:10:34 下午 : INFO [Thread-1] number:321, 
010 15,2014 11:10:34 下午 : INFO [Thread-1] number:322, 
010 15,2014 11:10:34 下午 : INFO [Thread-1] number:323, 
010 15,2014 11:10:34 下午 : INFO [Thread-1] number:324, 
010 15,2014 11:10:34 下午 : INFO [Thread-1] number:325, 
010 15,2014 11:10:34 下午 : INFO [Thread-1] number:326, 
010 15,2014 11:10:34 下午 : INFO [Thread-1] number:327, 
010 15,2014 11:10:34 下午 : INFO [Thread-1] number:328, 
010 15,2014 11:10:34 下午 : INFO [Thread-1] number:329, 
010 15,2014 11:10:34 下午 : INFO [Thread-1] number:330, 
010 15,2014 11:10:34 下午 : INFO [Thread-1] number:331, 
010 15,2014 11:10:34 下午 : INFO [Thread-1] number:332, 
010 15,2014 11:10:34 下午 : INFO [Thread-1] number:333, 
010 15,2014 11:10:34 下午 : INFO [Thread-1] number:334, 
010 15,2014 11:10:34 下午 : INFO [Thread-1] number:335, 
010 15,2014 11:10:34 下午 : INFO [Thread-1] number:336, 
010 15,2014 11:10:34 下午 : INFO [Thread-1] number:337, 
010 15,2014 11:10:34 下午 : INFO [Thread-1] number:338, 
010 15,2014 11:10:34 下午 : INFO [Thread-1] number:339, 
010 15,2014 11:10:34 下午 : INFO [Thread-1] number:340, 
010 15,2014 11:10:34 下午 : INFO [Thread-1] number:341, 
010 15,2014 11:10:34 下午 : INFO [Thread-1] number:342, 
010 15,2014 11:10:34 下午 : INFO [Thread-1] number:343, 
010 15,2014 11:10:34 下午 : INFO [Thread-1] number:344, 
010 15,2014 11:10:34 下午 : INFO [Thread-1] number:345, 
010 15,2014 11:10:34 下午 : INFO [Thread-1] number:346, 
010 15,2014 11:10:34 下午 : INFO [Thread-1] number:347, 
010 15,2014 11:10:34 下午 : INFO [Thread-1] number:348, 
010 15,2014 11:10:34 下午 : INFO [Thread-1] number:349, 
010 15,2014 11:10:34 下午 : INFO [Thread-1] number:350, 
010 15,2014 11:10:34 下午 : INFO [Thread-1] number:351, 
010 15,2014 11:10:34 下午 : INFO [Thread-1] number:352, 
010 15,2014 11:10:34 下午 : INFO [Thread-1] number:353, 
010 15,2014 11:10:34 下午 : INFO [Thread-1] number:354, 
010 15,2014 11:10:34 下午 : INFO [Thread-1] number:355, 
010 15,2014 11:10:34 下午 : INFO [Thread-1] number:356, 
010 15,2014 11:10:34 下午 : INFO [Thread-1] number:357, 
010 15,2014 11:10:34 下午 : INFO [Thread-1] number:358, 
010 15,2014 11:10:34 下午 : INFO [Thread-1] number:359, 
010 15,2014 11:10:34 下午 : INFO [Thread-1] number:360, 
010 15,2014 11:10:34 下午 : INFO [Thread-1] number:361, 
010 15,2014 11:10:34 下午 : INFO [Thread-1] number:362, 
010 15,2014 11:10:34 下午 : INFO [Thread-1] number:363, 
010 15,2014 11:10:34 下午 : INFO [Thread-1] number:364, 
010 15,2014 11:10:34 下午 : INFO [Thread-1] number:365, 
010 15,2014 11:10:34 下午 : INFO [Thread-1] number:366, 
010 15,2014 11:10:34 下午 : INFO [Thread-1] number:367, 
010 15,2014 11:10:34 下午 : INFO [Thread-1] number:368, 
010 15,2014 11:10:34 下午 : INFO [Thread-1] number:369, 
010 15,2014 11:10:34 下午 : INFO [Thread-1] number:370, 
010 15,2014 11:10:34 下午 : INFO [Thread-1] number:371, 
010 15,2014 11:10:34 下午 : INFO [Thread-1] number:372, 
010 15,2014 11:10:34 下午 : INFO [Thread-1] number:373, 
010 15,2014 11:10:34 下午 : INFO [Thread-1] number:374, 
010 15,2014 11:10:34 下午 : INFO [Thread-1] number:375, 
010 15,2014 11:10:34 下午 : INFO [Thread-1] number:376, 
010 15,2014 11:10:34 下午 : INFO [Thread-1] number:377, 
010 15,2014 11:10:34 下午 : INFO [Thread-1] number:378, 
010 15,2014 11:10:34 下午 : INFO [Thread-1] number:379, 
010 15,2014 11:10:34 下午 : INFO [Thread-1] number:380, 
010 15,2014 11:10:34 下午 : INFO [Thread-1] number:381, 
010 15,2014 11:10:34 下午 : INFO [Thread-1] number:382, 
010 15,2014 11:10:34 下午 : INFO [Thread-1] number:383, 
010 15,2014 11:10:34 下午 : INFO [Thread-1] number:384, 
010 15,2014 11:10:34 下午 : INFO [Thread-1] number:385, 
010 15,2014 11:10:34 下午 : INFO [Thread-1] number:386, 
010 15,2014 11:10:34 下午 : INFO [Thread-1] number:387, 
010 15,2014 11:10:34 下午 : INFO [Thread-1] number:388, 
010 15,2014 11:10:34 下午 : INFO [Thread-1] number:389, 
010 15,2014 11:10:34 下午 : INFO [Thread-1] number:390, 
010 15,2014 11:10:34 下午 : INFO [Thread-1] number:391, 
010 15,2014 11:10:34 下午 : INFO [Thread-1] number:392, 
010 15,2014 11:10:34 下午 : INFO [Thread-1] number:393, 
010 15,2014 11:10:34 下午 : INFO [Thread-1] number:394, 
010 15,2014 11:10:34 下午 : INFO [Thread-1] number:395, 
010 15,2014 11:10:34 下午 : INFO [Thread-1] number:396, 
010 15,2014 11:10:34 下午 : INFO [Thread-1] number:397, 
010 15,2014 11:10:34 下午 : INFO [Thread-1] number:398, 
010 15,2014 11:10:34 下午 : INFO [Thread-1] number:399, 
010 15,2014 11:10:34 下午 : INFO [Thread-1] number:400, 
010 15,2014 11:10:34 下午 : INFO [Thread-1] number:401, 
010 15,2014 11:10:34 下午 : INFO [Thread-1] number:402, 
010 15,2014 11:10:34 下午 : INFO [Thread-1] number:403, 
010 15,2014 11:10:34 下午 : INFO [Thread-1] number:404, 
010 15,2014 11:10:34 下午 : INFO [Thread-1] number:405, 
010 15,2014 11:10:34 下午 : INFO [Thread-1] number:406, 
010 15,2014 11:10:34 下午 : INFO [Thread-1] number:407, 
010 15,2014 11:10:34 下午 : INFO [Thread-1] number:408, 
010 15,2014 11:10:34 下午 : INFO [Thread-1] number:409, 
010 15,2014 11:10:34 下午 : INFO [Thread-1] number:410, 
010 15,2014 11:10:34 下午 : INFO [Thread-1] number:411, 
010 15,2014 11:10:34 下午 : INFO [Thread-1] number:412, 
010 15,2014 11:10:34 下午 : INFO [Thread-1] number:413, 
010 15,2014 11:10:34 下午 : INFO [Thread-1] number:414, 
010 15,2014 11:10:34 下午 : INFO [Thread-1] number:415, 
010 15,2014 11:10:34 下午 : INFO [Thread-1] number:416, 
010 15,2014 11:10:34 下午 : INFO [Thread-1] number:417, 
010 15,2014 11:10:34 下午 : INFO [Thread-1] number:418, 
010 15,2014 11:10:34 下午 : INFO [Thread-1] number:419, 
010 15,2014 11:10:34 下午 : INFO [Thread-1] number:420, 
010 15,2014 11:10:34 下午 : INFO [Thread-1] number:421, 
010 15,2014 11:10:34 下午 : INFO [Thread-1] number:422, 
010 15,2014 11:10:34 下午 : INFO [Thread-1] number:423, 
010 15,2014 11:10:34 下午 : INFO [Thread-1] number:424, 
010 15,2014 11:10:34 下午 : INFO [Thread-1] number:425, 
010 15,2014 11:10:34 下午 : INFO [Thread-1] number:426, 
010 15,2014 11:10:34 下午 : INFO [Thread-1] number:427, 
010 15,2014 11:10:34 下午 : INFO [Thread-1] number:428, 
010 15,2014 11:10:34 下午 : INFO [Thread-1] number:429, 
010 15,2014 11:10:34 下午 : INFO [Thread-1] number:430, 
010 15,2014 11:10:34 下午 : INFO [Thread-1] number:431, 
010 15,2014 11:10:34 下午 : INFO [Thread-1] number:432, 
010 15,2014 11:10:34 下午 : INFO [Thread-1] number:433, 
010 15,2014 11:10:34 下午 : INFO [Thread-1] number:434, 
010 15,2014 11:10:34 下午 : INFO [Thread-1] number:435, 
010 15,2014 11:10:34 下午 : INFO [Thread-1] number:436, 
010 15,2014 11:10:34 下午 : INFO [Thread-1] number:437, 
010 15,2014 11:10:34 下午 : INFO [Thread-1] number:438, 
010 15,2014 11:10:34 下午 : INFO [Thread-1] number:439, 
010 15,2014 11:10:34 下午 : INFO [Thread-1] number:440, 
010 15,2014 11:10:34 下午 : INFO [Thread-1] number:441, 
010 15,2014 11:10:34 下午 : INFO [Thread-1] number:442, 
010 15,2014 11:10:34 下午 : INFO [Thread-1] number:443, 
010 15,2014 11:10:34 下午 : INFO [Thread-1] number:444, 
010 15,2014 11:10:34 下午 : INFO [Thread-1] number:445, 
010 15,2014 11:10:34 下午 : INFO [Thread-1] number:446, 
010 15,2014 11:10:34 下午 : INFO [Thread-1] number:447, 
010 15,2014 11:10:34 下午 : INFO [Thread-1] number:448, 
010 15,2014 11:10:34 下午 : INFO [Thread-1] number:449, 
010 15,2014 11:10:34 下午 : INFO [Thread-1] number:450, 
010 15,2014 11:10:34 下午 : INFO [Thread-1] number:451, 
010 15,2014 11:10:34 下午 : INFO [Thread-1] number:452, 
010 15,2014 11:10:34 下午 : INFO [Thread-1] number:453, 
010 15,2014 11:10:34 下午 : INFO [Thread-1] number:454, 
010 15,2014 11:10:34 下午 : INFO [Thread-1] number:455, 
010 15,2014 11:10:34 下午 : INFO [Thread-1] number:456, 
010 15,2014 11:10:34 下午 : INFO [Thread-1] number:457, 
010 15,2014 11:10:34 下午 : INFO [Thread-1] number:458, 
010 15,2014 11:10:34 下午 : INFO [Thread-1] number:459, 
010 15,2014 11:10:34 下午 : INFO [Thread-1] number:460, 
010 15,2014 11:10:34 下午 : INFO [Thread-1] number:461, 
010 15,2014 11:10:34 下午 : INFO [Thread-1] number:462, 
010 15,2014 11:10:34 下午 : INFO [Thread-1] number:463, 
010 15,2014 11:10:34 下午 : INFO [Thread-1] number:464, 
010 15,2014 11:10:34 下午 : INFO [Thread-1] number:465, 
010 15,2014 11:10:34 下午 : INFO [Thread-1] number:466, 
010 15,2014 11:10:34 下午 : INFO [Thread-1] number:467, 
010 15,2014 11:10:34 下午 : INFO [Thread-1] number:468, 
010 15,2014 11:10:34 下午 : INFO [Thread-1] number:469, 
010 15,2014 11:10:34 下午 : INFO [Thread-1] number:470, 
010 15,2014 11:10:34 下午 : INFO [Thread-1] number:471, 
010 15,2014 11:10:34 下午 : INFO [Thread-1] number:472, 
010 15,2014 11:10:34 下午 : INFO [Thread-1] number:473, 
010 15,2014 11:10:34 下午 : INFO [Thread-1] number:474, 
010 15,2014 11:10:34 下午 : INFO [Thread-1] number:475, 
010 15,2014 11:10:34 下午 : INFO [Thread-1] number:476, 
010 15,2014 11:10:34 下午 : INFO [Thread-1] number:477, 
010 15,2014 11:10:34 下午 : INFO [Thread-1] number:478, 
010 15,2014 11:10:34 下午 : INFO [Thread-1] number:479, 
010 15,2014 11:10:34 下午 : INFO [Thread-1] number:480, 
010 15,2014 11:10:34 下午 : INFO [Thread-1] number:481, 
010 15,2014 11:10:34 下午 : INFO [Thread-1] number:482, 
010 15,2014 11:10:34 下午 : INFO [Thread-1] number:483, 
010 15,2014 11:10:34 下午 : INFO [Thread-1] number:484, 
010 15,2014 11:10:34 下午 : INFO [Thread-1] number:485, 
010 15,2014 11:10:34 下午 : INFO [Thread-1] number:486, 
010 15,2014 11:10:34 下午 : INFO [Thread-1] number:487, 
010 15,2014 11:10:34 下午 : INFO [Thread-1] number:488, 
010 15,2014 11:10:34 下午 : INFO [Thread-1] number:489, 
010 15,2014 11:10:34 下午 : INFO [Thread-1] number:490, 
010 15,2014 11:10:34 下午 : INFO [Thread-1] number:491, 
010 15,2014 11:10:34 下午 : INFO [Thread-1] number:492, 
010 15,2014 11:10:34 下午 : INFO [Thread-1] number:493, 
010 15,2014 11:10:34 下午 : INFO [Thread-1] number:494, 
010 15,2014 11:10:34 下午 : INFO [Thread-1] number:495, 
010 15,2014 11:10:34 下午 : INFO [Thread-1] number:496, 
010 15,2014 11:10:34 下午 : INFO [Thread-1] number:497, 
010 15,2014 11:10:34 下午 : INFO [Thread-1] number:498, 
010 15,2014 11:10:34 下午 : INFO [Thread-1] number:499, 
010 15,2014 11:10:34 下午 : INFO [Thread-1] number:500, 
010 15,2014 11:10:34 下午 : INFO [Thread-1] number:501, 
010 15,2014 11:10:34 下午 : INFO [Thread-1] number:502, 
010 15,2014 11:10:34 下午 : INFO [Thread-1] number:503, 
010 15,2014 11:10:34 下午 : INFO [Thread-1] number:504, 
010 15,2014 11:10:34 下午 : INFO [Thread-1] number:505, 
010 15,2014 11:10:34 下午 : INFO [Thread-1] number:506, 
010 15,2014 11:10:34 下午 : INFO [Thread-1] number:507, 
010 15,2014 11:10:34 下午 : INFO [Thread-1] number:508, 
010 15,2014 11:10:34 下午 : INFO [Thread-1] number:509, 
010 15,2014 11:10:34 下午 : INFO [Thread-1] number:510, 
010 15,2014 11:10:34 下午 : INFO [Thread-1] number:511, 
010 15,2014 11:10:34 下午 : INFO [Thread-1] number:512, 
010 15,2014 11:10:34 下午 : INFO [Thread-1] number:513, 
010 15,2014 11:10:34 下午 : INFO [Thread-1] number:514, 
010 15,2014 11:10:34 下午 : INFO [Thread-1] number:515, 
010 15,2014 11:10:34 下午 : INFO [Thread-1] number:516, 
010 15,2014 11:10:34 下午 : INFO [Thread-1] number:517, 
010 15,2014 11:10:34 下午 : INFO [Thread-1] number:518, 
010 15,2014 11:10:34 下午 : INFO [Thread-1] number:519, 
010 15,2014 11:10:34 下午 : INFO [Thread-1] number:520, 
010 15,2014 11:10:34 下午 : INFO [Thread-1] number:521, 
010 15,2014 11:10:34 下午 : INFO [Thread-1] number:522, 
010 15,2014 11:10:34 下午 : INFO [Thread-1] number:523, 
010 15,2014 11:10:34 下午 : INFO [Thread-1] number:524, 
010 15,2014 11:10:34 下午 : INFO [Thread-1] number:525, 
010 15,2014 11:10:34 下午 : INFO [Thread-1] number:526, 
010 15,2014 11:10:34 下午 : INFO [Thread-1] number:527, 
010 15,2014 11:10:34 下午 : INFO [Thread-1] number:528, 
010 15,2014 11:10:34 下午 : INFO [Thread-1] number:529, 
010 15,2014 11:10:34 下午 : INFO [Thread-1] number:530, 
010 15,2014 11:10:34 下午 : INFO [Thread-1] number:531, 
010 15,2014 11:10:34 下午 : INFO [Thread-1] number:532, 
010 15,2014 11:10:34 下午 : INFO [Thread-1] number:533, 
010 15,2014 11:10:34 下午 : INFO [Thread-1] number:534, 
010 15,2014 11:10:34 下午 : INFO [Thread-1] number:535, 
010 15,2014 11:10:34 下午 : INFO [Thread-1] number:536, 
010 15,2014 11:10:34 下午 : INFO [Thread-1] number:537, 
010 15,2014 11:10:34 下午 : INFO [Thread-1] number:538, 
010 15,2014 11:10:34 下午 : INFO [Thread-1] number:539, 
010 15,2014 11:10:34 下午 : INFO [Thread-1] number:540, 
010 15,2014 11:10:34 下午 : INFO [Thread-1] number:541, 
010 15,2014 11:10:34 下午 : INFO [Thread-1] number:542, 
010 15,2014 11:10:34 下午 : INFO [Thread-1] number:543, 
010 15,2014 11:10:34 下午 : INFO [Thread-1] number:544, 
010 15,2014 11:10:34 下午 : INFO [Thread-1] number:545, 
010 15,2014 11:10:34 下午 : INFO [Thread-1] number:546, 
010 15,2014 11:10:34 下午 : INFO [Thread-1] number:547, 
010 15,2014 11:10:34 下午 : INFO [Thread-1] number:548, 
010 15,2014 11:10:34 下午 : INFO [Thread-1] number:549, 
010 15,2014 11:10:34 下午 : INFO [Thread-1] number:550, 
010 15,2014 11:10:34 下午 : INFO [Thread-1] number:551, 
010 15,2014 11:10:34 下午 : INFO [Thread-1] number:552, 
010 15,2014 11:10:34 下午 : INFO [Thread-1] number:553, 
010 15,2014 11:10:34 下午 : INFO [Thread-1] number:554, 
010 15,2014 11:10:34 下午 : INFO [Thread-1] number:555, 
010 15,2014 11:10:34 下午 : INFO [Thread-1] number:556, 
010 15,2014 11:10:34 下午 : INFO [Thread-1] number:557, 
010 15,2014 11:10:34 下午 : INFO [Thread-1] number:558, 
010 15,2014 11:10:34 下午 : INFO [Thread-1] number:559, 
010 15,2014 11:10:34 下午 : INFO [Thread-1] number:560, 
010 15,2014 11:10:34 下午 : INFO [Thread-1] number:561, 
010 15,2014 11:10:34 下午 : INFO [Thread-1] number:562, 
010 15,2014 11:10:34 下午 : INFO [Thread-1] number:563, 
010 15,2014 11:10:34 下午 : INFO [Thread-1] number:564, 
010 15,2014 11:10:34 下午 : INFO [Thread-1] number:565, 
010 15,2014 11:10:34 下午 : INFO [Thread-1] number:566, 
010 15,2014 11:10:34 下午 : INFO [Thread-1] number:567, 
010 15,2014 11:10:34 下午 : INFO [Thread-1] number:568, 
010 15,2014 11:10:34 下午 : INFO [Thread-1] number:569, 
010 15,2014 11:10:34 下午 : INFO [Thread-1] number:570, 
010 15,2014 11:10:34 下午 : INFO [Thread-1] number:571, 
010 15,2014 11:10:34 下午 : INFO [Thread-1] number:572, 
010 15,2014 11:10:34 下午 : INFO [Thread-1] number:573, 
010 15,2014 11:10:34 下午 : INFO [Thread-1] number:574, 
010 15,2014 11:10:34 下午 : INFO [Thread-1] number:575, 
010 15,2014 11:10:34 下午 : INFO [Thread-1] number:576, 
021 16,2014 12:21:43 上午 : INFO [Thread-0] 61, 
021 16,2014 12:21:54 上午 : INFO [Thread-0] 最后一个节点的位置:14539635, 
025 16,2014 12:25:10 上午 : INFO [Thread-0] 61, 
025 16,2014 12:25:26 上午 : INFO [Thread-0] 最后一个节点的位置:14539666, 
028 16,2014 12:28:41 上午 : INFO [Thread-0] 61, 
028 16,2014 12:28:48 上午 : INFO [Thread-0] 最后一个节点的位置:14539666, 
030 16,2014 12:30:01 上午 : INFO [Thread-1] total Number61, 
030 16,2014 12:30:02 上午 : INFO [Thread-1] number:1, 
030 16,2014 12:30:02 上午 : INFO [Thread-1] number:2, 
030 16,2014 12:30:03 上午 : INFO [Thread-1] number:3, 
030 16,2014 12:30:03 上午 : INFO [Thread-1] number:4, 
030 16,2014 12:30:03 上午 : INFO [Thread-1] number:5, 
030 16,2014 12:30:03 上午 : INFO [Thread-1] number:6, 
030 16,2014 12:30:03 上午 : INFO [Thread-1] number:7, 
030 16,2014 12:30:03 上午 : INFO [Thread-1] number:8, 
030 16,2014 12:30:03 上午 : INFO [Thread-1] number:9, 
030 16,2014 12:30:03 上午 : INFO [Thread-1] number:10, 
030 16,2014 12:30:03 上午 : INFO [Thread-1] number:11, 
030 16,2014 12:30:03 上午 : INFO [Thread-1] number:12, 
030 16,2014 12:30:03 上午 : INFO [Thread-1] number:13, 
030 16,2014 12:30:03 上午 : INFO [Thread-1] number:14, 
030 16,2014 12:30:03 上午 : INFO [Thread-1] number:15, 
030 16,2014 12:30:03 上午 : INFO [Thread-1] number:16, 
030 16,2014 12:30:03 上午 : INFO [Thread-1] number:17, 
030 16,2014 12:30:03 上午 : INFO [Thread-1] number:18, 
030 16,2014 12:30:03 上午 : INFO [Thread-1] number:19, 
030 16,2014 12:30:03 上午 : INFO [Thread-1] number:20, 
030 16,2014 12:30:03 上午 : INFO [Thread-1] number:21, 
030 16,2014 12:30:03 上午 : INFO [Thread-1] number:22, 
030 16,2014 12:30:03 上午 : INFO [Thread-1] number:23, 
030 16,2014 12:30:03 上午 : INFO [Thread-1] number:24, 
030 16,2014 12:30:03 上午 : INFO [Thread-1] number:25, 
030 16,2014 12:30:03 上午 : INFO [Thread-1] number:26, 
030 16,2014 12:30:03 上午 : INFO [Thread-1] number:27, 
030 16,2014 12:30:03 上午 : INFO [Thread-1] number:28, 
030 16,2014 12:30:03 上午 : INFO [Thread-1] number:29, 
030 16,2014 12:30:03 上午 : INFO [Thread-1] number:30, 
030 16,2014 12:30:03 上午 : INFO [Thread-1] number:31, 
030 16,2014 12:30:03 上午 : INFO [Thread-1] number:32, 
030 16,2014 12:30:03 上午 : INFO [Thread-1] number:33, 
030 16,2014 12:30:03 上午 : INFO [Thread-1] number:34, 
030 16,2014 12:30:03 上午 : INFO [Thread-1] number:35, 
030 16,2014 12:30:03 上午 : INFO [Thread-1] number:36, 
030 16,2014 12:30:03 上午 : INFO [Thread-1] number:37, 
030 16,2014 12:30:03 上午 : INFO [Thread-1] number:38, 
030 16,2014 12:30:03 上午 : INFO [Thread-1] number:39, 
030 16,2014 12:30:03 上午 : INFO [Thread-1] number:40, 
030 16,2014 12:30:03 上午 : INFO [Thread-1] number:41, 
030 16,2014 12:30:03 上午 : INFO [Thread-1] number:42, 
030 16,2014 12:30:03 上午 : INFO [Thread-1] number:43, 
030 16,2014 12:30:03 上午 : INFO [Thread-1] number:44, 
030 16,2014 12:30:03 上午 : INFO [Thread-1] number:45, 
030 16,2014 12:30:03 上午 : INFO [Thread-1] number:46, 
030 16,2014 12:30:03 上午 : INFO [Thread-1] number:47, 
030 16,2014 12:30:03 上午 : INFO [Thread-1] number:48, 
030 16,2014 12:30:03 上午 : INFO [Thread-1] number:49, 
030 16,2014 12:30:03 上午 : INFO [Thread-1] number:50, 
030 16,2014 12:30:03 上午 : INFO [Thread-1] number:51, 
030 16,2014 12:30:03 上午 : INFO [Thread-1] number:52, 
030 16,2014 12:30:03 上午 : INFO [Thread-1] number:53, 
030 16,2014 12:30:03 上午 : INFO [Thread-1] number:54, 
030 16,2014 12:30:03 上午 : INFO [Thread-1] number:55, 
030 16,2014 12:30:03 上午 : INFO [Thread-1] number:56, 
030 16,2014 12:30:03 上午 : INFO [Thread-1] number:57, 
030 16,2014 12:30:03 上午 : INFO [Thread-1] number:58, 
030 16,2014 12:30:03 上午 : INFO [Thread-1] number:59, 
030 16,2014 12:30:03 上午 : INFO [Thread-1] number:60, 
030 16,2014 12:30:03 上午 : INFO [Thread-1] number:61, 
